<?xml version="1.0" encoding="UTF-8"?>
<testng-results skipped="0" failed="0" ignored="0" total="3" passed="3">
  <reporter-output>
  </reporter-output>
  <suite name="Default suite" duration-ms="76" started-at="2017-10-19T10:46:25Z" finished-at="2017-10-19T10:46:25Z">
    <groups>
    </groups>
    <test name="Default test" duration-ms="76" started-at="2017-10-19T10:46:25Z" finished-at="2017-10-19T10:46:25Z">
      <class name="NewTest">
        <test-method status="PASS" signature="f1()[pri:0, instance:NewTest@23ceabc1]" name="f1" duration-ms="13" started-at="2017-10-19T18:46:25Z" finished-at="2017-10-19T18:46:25Z">
          <reporter-output>
          </reporter-output>
        </test-method> <!-- f1 -->
        <test-method status="PASS" signature="f2()[pri:0, instance:NewTest@23ceabc1]" name="f2" duration-ms="6" started-at="2017-10-19T18:46:25Z" finished-at="2017-10-19T18:46:25Z">
          <reporter-output>
          </reporter-output>
        </test-method> <!-- f2 -->
        <test-method status="PASS" signature="f3()[pri:0, instance:NewTest@23ceabc1]" name="f3" duration-ms="3" started-at="2017-10-19T18:46:25Z" finished-at="2017-10-19T18:46:25Z">
          <reporter-output>
          </reporter-output>
        </test-method> <!-- f3 -->
      </class> <!-- NewTest -->
    </test> <!-- Default test -->
  </suite> <!-- Default suite -->
</testng-results>
